  дз - класс динамической коллекции.cpp
C:\Users\aleks\source\repos\дз - класс динамической коллекции\дз - класс динамической коллекции.cpp(102,12): error C2143: синтаксическая ошибка: отсутствие ";" перед "&"
C:\Users\aleks\source\repos\дз - класс динамической коллекции\дз - класс динамической коллекции.cpp(123,2): message : выполняется компиляция ссылки на экземпляр класс шаблон функции "DynamicArray<Type>"
C:\Users\aleks\source\repos\дз - класс динамической коллекции\дз - класс динамической коллекции.cpp(102,1): error C4430: отсутствует спецификатор типа - предполагается int. Примечание. C++ не поддерживает int по умолчанию
C:\Users\aleks\source\repos\дз - класс динамической коллекции\дз - класс динамической коллекции.cpp(103,1): error C2334: непредвиденные лексемы перед "{"; пропуск вероятного тела функции
C:\Users\aleks\source\repos\дз - класс динамической коллекции\дз - класс динамической коллекции.cpp(142,14): error C2679: бинарный "<<": не найден оператор, принимающий правый операнд типа "DynamicArray<int>" (или приемлемое преобразование отсутствует)
C:\Program Files\Microsoft Visual Studio\2022\Community\VC\Tools\MSVC\14.36.32532\include\ostream(475,39): message : может быть "std::basic_ostream<char,std::char_traits<char>> &std::basic_ostream<char,std::char_traits<char>>::operator <<(std::basic_streambuf<char,std::char_traits<char>> *)"
C:\Program Files\Microsoft Visual Studio\2022\Community\VC\Tools\MSVC\14.36.32532\include\ostream(443,39): message : или       "std::basic_ostream<char,std::char_traits<char>> &std::basic_ostream<char,std::char_traits<char>>::operator <<(const void *)"
C:\Program Files\Microsoft Visual Studio\2022\Community\VC\Tools\MSVC\14.36.32532\include\ostream(425,39): message : или       "std::basic_ostream<char,std::char_traits<char>> &std::basic_ostream<char,std::char_traits<char>>::operator <<(long double)"
C:\Program Files\Microsoft Visual Studio\2022\Community\VC\Tools\MSVC\14.36.32532\include\ostream(407,39): message : или       "std::basic_ostream<char,std::char_traits<char>> &std::basic_ostream<char,std::char_traits<char>>::operator <<(double)"
C:\Program Files\Microsoft Visual Studio\2022\Community\VC\Tools\MSVC\14.36.32532\include\ostream(389,39): message : или       "std::basic_ostream<char,std::char_traits<char>> &std::basic_ostream<char,std::char_traits<char>>::operator <<(float)"
C:\Program Files\Microsoft Visual Studio\2022\Community\VC\Tools\MSVC\14.36.32532\include\ostream(371,39): message : или       "std::basic_ostream<char,std::char_traits<char>> &std::basic_ostream<char,std::char_traits<char>>::operator <<(unsigned __int64)"
C:\Program Files\Microsoft Visual Studio\2022\Community\VC\Tools\MSVC\14.36.32532\include\ostream(353,39): message : или       "std::basic_ostream<char,std::char_traits<char>> &std::basic_ostream<char,std::char_traits<char>>::operator <<(__int64)"
C:\Program Files\Microsoft Visual Studio\2022\Community\VC\Tools\MSVC\14.36.32532\include\ostream(335,39): message : или       "std::basic_ostream<char,std::char_traits<char>> &std::basic_ostream<char,std::char_traits<char>>::operator <<(unsigned long)"
C:\Program Files\Microsoft Visual Studio\2022\Community\VC\Tools\MSVC\14.36.32532\include\ostream(317,39): message : или       "std::basic_ostream<char,std::char_traits<char>> &std::basic_ostream<char,std::char_traits<char>>::operator <<(long)"
C:\Program Files\Microsoft Visual Studio\2022\Community\VC\Tools\MSVC\14.36.32532\include\ostream(298,39): message : или       "std::basic_ostream<char,std::char_traits<char>> &std::basic_ostream<char,std::char_traits<char>>::operator <<(unsigned int)"
C:\Program Files\Microsoft Visual Studio\2022\Community\VC\Tools\MSVC\14.36.32532\include\ostream(272,39): message : или       "std::basic_ostream<char,std::char_traits<char>> &std::basic_ostream<char,std::char_traits<char>>::operator <<(int)"
C:\Program Files\Microsoft Visual Studio\2022\Community\VC\Tools\MSVC\14.36.32532\include\ostream(253,39): message : или       "std::basic_ostream<char,std::char_traits<char>> &std::basic_ostream<char,std::char_traits<char>>::operator <<(unsigned short)"
C:\Program Files\Microsoft Visual Studio\2022\Community\VC\Tools\MSVC\14.36.32532\include\ostream(219,39): message : или       "std::basic_ostream<char,std::char_traits<char>> &std::basic_ostream<char,std::char_traits<char>>::operator <<(short)"
C:\Program Files\Microsoft Visual Studio\2022\Community\VC\Tools\MSVC\14.36.32532\include\ostream(201,39): message : или       "std::basic_ostream<char,std::char_traits<char>> &std::basic_ostream<char,std::char_traits<char>>::operator <<(bool)"
C:\Program Files\Microsoft Visual Studio\2022\Community\VC\Tools\MSVC\14.36.32532\include\ostream(195,39): message : или       "std::basic_ostream<char,std::char_traits<char>> &std::basic_ostream<char,std::char_traits<char>>::operator <<(std::ios_base &(__cdecl *)(std::ios_base &))"
C:\Program Files\Microsoft Visual Studio\2022\Community\VC\Tools\MSVC\14.36.32532\include\ostream(189,39): message : или       "std::basic_ostream<char,std::char_traits<char>> &std::basic_ostream<char,std::char_traits<char>>::operator <<(std::basic_ios<char,std::char_traits<char>> &(__cdecl *)(std::basic_ios<char,std::char_traits<char>> &))"
C:\Program Files\Microsoft Visual Studio\2022\Community\VC\Tools\MSVC\14.36.32532\include\ostream(184,39): message : или       "std::basic_ostream<char,std::char_traits<char>> &std::basic_ostream<char,std::char_traits<char>>::operator <<(std::basic_ostream<char,std::char_traits<char>> &(__cdecl *)(std::basic_ostream<char,std::char_traits<char>> &))"
C:\Program Files\Microsoft Visual Studio\2022\Community\VC\Tools\MSVC\14.36.32532\include\xstring(5221,32): message : или       "std::basic_ostream<_Elem,_Traits> &std::operator <<(std::basic_ostream<_Elem,_Traits> &,const std::basic_string<_Elem,_Traits,_Alloc> &)"
C:\Users\aleks\source\repos\дз - класс динамической коллекции\дз - класс динамической коллекции.cpp(142,14): message : 'std::basic_ostream<_Elem,_Traits> &std::operator <<(std::basic_ostream<_Elem,_Traits> &,const std::basic_string<_Elem,_Traits,_Alloc> &)': не удалось вывести аргумент шаблон для 'const std::basic_string<_Elem,_Traits,_Alloc> &' из 'DynamicArray<int>'
C:\Program Files\Microsoft Visual Studio\2022\Community\VC\Tools\MSVC\14.36.32532\include\memory(1976,32): message : или       "std::basic_ostream<_Elem,_Traits> &std::operator <<(std::basic_ostream<_Elem,_Traits> &,const std::shared_ptr<_Ty> &)"
C:\Users\aleks\source\repos\дз - класс динамической коллекции\дз - класс динамической коллекции.cpp(142,14): message : 'std::basic_ostream<_Elem,_Traits> &std::operator <<(std::basic_ostream<_Elem,_Traits> &,const std::shared_ptr<_Ty> &)': не удалось вывести аргумент шаблон для 'const std::shared_ptr<_Ty> &' из 'DynamicArray<int>'
C:\Program Files\Microsoft Visual Studio\2022\Community\VC\Tools\MSVC\14.36.32532\include\memory(3629,32): message : или       "std::basic_ostream<_Elem,_Traits> &std::operator <<(std::basic_ostream<_Elem,_Traits> &,const std::unique_ptr<_Ty2,_Dx2> &)"
C:\Users\aleks\source\repos\дз - класс динамической коллекции\дз - класс динамической коллекции.cpp(142,14): message : 'std::basic_ostream<_Elem,_Traits> &std::operator <<(std::basic_ostream<_Elem,_Traits> &,const std::unique_ptr<_Ty2,_Dx2> &)': не удалось вывести аргумент шаблон для 'const std::unique_ptr<_Ty2,_Dx2> &' из 'DynamicArray<int>'
C:\Program Files\Microsoft Visual Studio\2022\Community\VC\Tools\MSVC\14.36.32532\include\ostream(681,32): message : или       "std::basic_ostream<_Elem,_Traits> &std::operator <<(std::basic_ostream<_Elem,_Traits> &,const char *)"
C:\Users\aleks\source\repos\дз - класс динамической коллекции\дз - класс динамической коллекции.cpp(142,22): message : инициализация: невозможно преобразовать "DynamicArray<int>" в "const char *"
C:\Users\aleks\source\repos\дз - класс динамической коллекции\дз - класс динамической коллекции.cpp(142,22): message : Для выполнения данного преобразования нет доступного оператора преобразования, определенного пользователем, или вызов оператора невозможен
C:\Program Files\Microsoft Visual Studio\2022\Community\VC\Tools\MSVC\14.36.32532\include\ostream(725,32): message : или       "std::basic_ostream<_Elem,_Traits> &std::operator <<(std::basic_ostream<_Elem,_Traits> &,char)"
C:\Users\aleks\source\repos\дз - класс динамической коллекции\дз - класс динамической коллекции.cpp(142,22): message : инициализация: невозможно преобразовать "DynamicArray<int>" в "char"
C:\Users\aleks\source\repos\дз - класс динамической коллекции\дз - класс динамической коллекции.cpp(142,22): message : Для выполнения данного преобразования нет доступного оператора преобразования, определенного пользователем, или вызов оператора невозможен
C:\Program Files\Microsoft Visual Studio\2022\Community\VC\Tools\MSVC\14.36.32532\include\ostream(761,31): message : или       "std::basic_ostream<char,_Traits> &std::operator <<(std::basic_ostream<char,_Traits> &,const char *)"
C:\Users\aleks\source\repos\дз - класс динамической коллекции\дз - класс динамической коллекции.cpp(142,22): message : инициализация: невозможно преобразовать "DynamicArray<int>" в "const char *"
C:\Users\aleks\source\repos\дз - класс динамической коллекции\дз - класс динамической коллекции.cpp(142,22): message : Для выполнения данного преобразования нет доступного оператора преобразования, определенного пользователем, или вызов оператора невозможен
C:\Program Files\Microsoft Visual Studio\2022\Community\VC\Tools\MSVC\14.36.32532\include\ostream(806,31): message : или       "std::basic_ostream<char,_Traits> &std::operator <<(std::basic_ostream<char,_Traits> &,char)"
C:\Users\aleks\source\repos\дз - класс динамической коллекции\дз - класс динамической коллекции.cpp(142,22): message : инициализация: невозможно преобразовать "DynamicArray<int>" в "char"
C:\Users\aleks\source\repos\дз - класс динамической коллекции\дз - класс динамической коллекции.cpp(142,22): message : Для выполнения данного преобразования нет доступного оператора преобразования, определенного пользователем, или вызов оператора невозможен
C:\Program Files\Microsoft Visual Studio\2022\Community\VC\Tools\MSVC\14.36.32532\include\ostream(844,32): message : или       "std::basic_ostream<_Elem,_Traits> &std::operator <<(std::basic_ostream<_Elem,_Traits> &,const _Elem *)"
C:\Users\aleks\source\repos\дз - класс динамической коллекции\дз - класс динамической коллекции.cpp(142,14): message : 'std::basic_ostream<_Elem,_Traits> &std::operator <<(std::basic_ostream<_Elem,_Traits> &,const _Elem *)': не удалось вывести аргумент шаблон для 'const _Elem *' из 'DynamicArray<int>'
C:\Program Files\Microsoft Visual Studio\2022\Community\VC\Tools\MSVC\14.36.32532\include\ostream(887,32): message : или       "std::basic_ostream<_Elem,_Traits> &std::operator <<(std::basic_ostream<_Elem,_Traits> &,_Elem)"
C:\Users\aleks\source\repos\дз - класс динамической коллекции\дз - класс динамической коллекции.cpp(142,14): message : "std::basic_ostream<_Elem,_Traits> &std::operator <<(std::basic_ostream<_Elem,_Traits> &,_Elem)": в шаблон параметр "_Elem" неоднозначен
C:\Users\aleks\source\repos\дз - класс динамической коллекции\дз - класс динамической коллекции.cpp(142,14): message : может быть "DynamicArray<int>"
C:\Users\aleks\source\repos\дз - класс динамической коллекции\дз - класс динамической коллекции.cpp(142,14): message : или       "char"
C:\Users\aleks\source\repos\дз - класс динамической коллекции\дз - класс динамической коллекции.cpp(142,14): message : 'std::basic_ostream<_Elem,_Traits> &std::operator <<(std::basic_ostream<_Elem,_Traits> &,_Elem)': не удалось вывести аргумент шаблон для '_Elem' из 'DynamicArray<int>'
C:\Program Files\Microsoft Visual Studio\2022\Community\VC\Tools\MSVC\14.36.32532\include\ostream(923,31): message : или       "std::basic_ostream<char,_Traits> &std::operator <<(std::basic_ostream<char,_Traits> &,const signed char *)"
C:\Users\aleks\source\repos\дз - класс динамической коллекции\дз - класс динамической коллекции.cpp(142,22): message : инициализация: невозможно преобразовать "DynamicArray<int>" в "const signed char *"
C:\Users\aleks\source\repos\дз - класс динамической коллекции\дз - класс динамической коллекции.cpp(142,22): message : Для выполнения данного преобразования нет доступного оператора преобразования, определенного пользователем, или вызов оператора невозможен
C:\Program Files\Microsoft Visual Studio\2022\Community\VC\Tools\MSVC\14.36.32532\include\ostream(929,31): message : или       "std::basic_ostream<char,_Traits> &std::operator <<(std::basic_ostream<char,_Traits> &,signed char)"
C:\Users\aleks\source\repos\дз - класс динамической коллекции\дз - класс динамической коллекции.cpp(142,22): message : инициализация: невозможно преобразовать "DynamicArray<int>" в "signed char"
C:\Users\aleks\source\repos\дз - класс динамической коллекции\дз - класс динамической коллекции.cpp(142,22): message : Для выполнения данного преобразования нет доступного оператора преобразования, определенного пользователем, или вызов оператора невозможен
C:\Program Files\Microsoft Visual Studio\2022\Community\VC\Tools\MSVC\14.36.32532\include\ostream(934,31): message : или       "std::basic_ostream<char,_Traits> &std::operator <<(std::basic_ostream<char,_Traits> &,const unsigned char *)"
C:\Users\aleks\source\repos\дз - класс динамической коллекции\дз - класс динамической коллекции.cpp(142,22): message : инициализация: невозможно преобразовать "DynamicArray<int>" в "const unsigned char *"
C:\Users\aleks\source\repos\дз - класс динамической коллекции\дз - класс динамической коллекции.cpp(142,22): message : Для выполнения данного преобразования нет доступного оператора преобразования, определенного пользователем, или вызов оператора невозможен
C:\Program Files\Microsoft Visual Studio\2022\Community\VC\Tools\MSVC\14.36.32532\include\ostream(940,31): message : или       "std::basic_ostream<char,_Traits> &std::operator <<(std::basic_ostream<char,_Traits> &,unsigned char)"
C:\Users\aleks\source\repos\дз - класс динамической коллекции\дз - класс динамической коллекции.cpp(142,22): message : инициализация: невозможно преобразовать "DynamicArray<int>" в "unsigned char"
C:\Users\aleks\source\repos\дз - класс динамической коллекции\дз - класс динамической коллекции.cpp(142,22): message : Для выполнения данного преобразования нет доступного оператора преобразования, определенного пользователем, или вызов оператора невозможен
C:\Program Files\Microsoft Visual Studio\2022\Community\VC\Tools\MSVC\14.36.32532\include\ostream(998,9): message : или       "_Ostr &&std::operator <<(_Ostr &&,const _Ty &)"
C:\Users\aleks\source\repos\дз - класс динамической коллекции\дз - класс динамической коллекции.cpp(142): message : "_Ostr &&std::operator <<(_Ostr &&,const _Ty &)": не удается вывести аргумент шаблон для "__formal"
C:\Program Files\Microsoft Visual Studio\2022\Community\VC\Tools\MSVC\14.36.32532\include\ostream(1075,32): message : или       "std::basic_ostream<_Elem,_Traits> &std::operator <<(std::basic_ostream<_Elem,_Traits> &,const std::error_code &)"
C:\Users\aleks\source\repos\дз - класс динамической коллекции\дз - класс динамической коллекции.cpp(142,22): message : инициализация: невозможно преобразовать "DynamicArray<int>" в "const std::error_code &"
C:\Users\aleks\source\repos\дз - класс динамической коллекции\дз - класс динамической коллекции.cpp(142,22): message : Причина: невозможно преобразовать "DynamicArray<int>" в "const std::error_code"
C:\Users\aleks\source\repos\дз - класс динамической коллекции\дз - класс динамической коллекции.cpp(142,22): message : Для выполнения данного преобразования нет доступного оператора преобразования, определенного пользователем, или вызов оператора невозможен
C:\Users\aleks\source\repos\дз - класс динамической коллекции\дз - класс динамической коллекции.cpp(142,14): message : при попытке сопоставить список аргументов "(std::ostream, DynamicArray<int>)"
